<?xml version="1.0" encoding="UTF-8"?>
<Site BuildName="(empty)"
	BuildStamp="20241009-0955-Experimental"
	Name="lorenzo-Alienware-m15-Ryzen-Ed-R5"
	Generator="ctest-3.16.3"
	CompilerName="/usr/bin/c++"
	CompilerVersion="9.4.0"
	OSName="Linux"
	Hostname="lorenzo-Alienware-m15-Ryzen-Ed-R5"
	OSRelease="5.15.0-122-generic"
	OSVersion="#132~20.04.1-Ubuntu SMP Fri Aug 30 15:50:07 UTC 2024"
	OSPlatform="x86_64"
	Is64Bits="1"
	VendorString="AuthenticAMD"
	VendorID="Advanced Micro Devices"
	FamilyID="25"
	ModelID="80"
	ProcessorCacheSize="512"
	NumberOfLogicalCPU="16"
	NumberOfPhysicalCPU="8"
	TotalVirtualMemory="8191"
	TotalPhysicalMemory="15329"
	LogicalProcessorsPerPhysical="2"
	ProcessorClockFrequency="2973.43"
	>
	<Testing>
		<StartDateTime>Oct 09 16:23 CEST</StartDateTime>
		<StartTestTime>1728483783</StartTestTime>
		<TestList/>
		<EndDateTime>Oct 09 16:23 CEST</EndDateTime>
		<EndTestTime>1728483783</EndTestTime>
		<ElapsedMinutes>0</ElapsedMinutes>
	</Testing>
</Site>
