<?xml version="1.0" encoding="UTF-8"?>
<Site BuildName="(empty)"
	BuildStamp="20241115-0905-Experimental"
	Name="lorenzo-Alienware-m15-Ryzen-Ed-R5"
	Generator="ctest-3.16.3"
	CompilerName="/usr/bin/c++"
	CompilerVersion="9.4.0"
	OSName="Linux"
	Hostname="lorenzo-Alienware-m15-Ryzen-Ed-R5"
	OSRelease="5.15.0-125-generic"
	OSVersion="#135~20.04.1-Ubuntu SMP Mon Oct 7 13:56:22 UTC 2024"
	OSPlatform="x86_64"
	Is64Bits="1"
	VendorString="AuthenticAMD"
	VendorID="Advanced Micro Devices"
	FamilyID="25"
	ModelID="80"
	ProcessorCacheSize="512"
	NumberOfLogicalCPU="16"
	NumberOfPhysicalCPU="8"
	TotalVirtualMemory="8191"
	TotalPhysicalMemory="15329"
	LogicalProcessorsPerPhysical="2"
	ProcessorClockFrequency="3200"
	>
	<Testing>
		<StartDateTime>Nov 15 10:05 CET</StartDateTime>
		<StartTestTime>1731661551</StartTestTime>
		<TestList/>
		<EndDateTime>Nov 15 10:05 CET</EndDateTime>
		<EndTestTime>1731661551</EndTestTime>
		<ElapsedMinutes>0</ElapsedMinutes>
	</Testing>
</Site>
