<?xml version="1.0" encoding="UTF-8"?>
<Site BuildName="(empty)"
	BuildStamp="20241104-0849-Experimental"
	Name="lorenzo-Alienware-m15-Ryzen-Ed-R5"
	Generator="ctest-3.16.3"
	CompilerName="/usr/bin/c++"
	CompilerVersion="9.4.0"
	OSName="Linux"
	Hostname="lorenzo-Alienware-m15-Ryzen-Ed-R5"
	OSRelease="5.15.0-124-generic"
	OSVersion="#134~20.04.1-Ubuntu SMP Tue Oct 1 15:27:33 UTC 2024"
	OSPlatform="x86_64"
	Is64Bits="1"
	VendorString="AuthenticAMD"
	VendorID="Advanced Micro Devices"
	FamilyID="25"
	ModelID="80"
	ProcessorCacheSize="512"
	NumberOfLogicalCPU="16"
	NumberOfPhysicalCPU="8"
	TotalVirtualMemory="8191"
	TotalPhysicalMemory="15329"
	LogicalProcessorsPerPhysical="2"
	ProcessorClockFrequency="1300"
	>
	<Testing>
		<StartDateTime>Nov 04 09:49 CET</StartDateTime>
		<StartTestTime>1730710142</StartTestTime>
		<TestList/>
		<EndDateTime>Nov 04 09:49 CET</EndDateTime>
		<EndTestTime>1730710142</EndTestTime>
		<ElapsedMinutes>0</ElapsedMinutes>
	</Testing>
</Site>
