<?xml version="1.0" encoding="UTF-8"?>
<Site BuildName="(empty)"
	BuildStamp="20250120-1231-Experimental"
	Name="lorenzo-Alienware-m15-Ryzen-Ed-R5"
	Generator="ctest-3.16.3"
	CompilerName="/usr/bin/c++"
	CompilerVersion="9.4.0"
	OSName="Linux"
	Hostname="lorenzo-Alienware-m15-Ryzen-Ed-R5"
	OSRelease="5.15.0-130-generic"
	OSVersion="#140~20.04.1-Ubuntu SMP Wed Dec 18 21:35:34 UTC 2024"
	OSPlatform="x86_64"
	Is64Bits="1"
	VendorString="AuthenticAMD"
	VendorID="Advanced Micro Devices"
	FamilyID="25"
	ModelID="80"
	ProcessorCacheSize="512"
	NumberOfLogicalCPU="16"
	NumberOfPhysicalCPU="8"
	TotalVirtualMemory="8191"
	TotalPhysicalMemory="15329"
	LogicalProcessorsPerPhysical="2"
	ProcessorClockFrequency="3273.15"
	>
	<Testing>
		<StartDateTime>Jan 20 13:31 CET</StartDateTime>
		<StartTestTime>1737376270</StartTestTime>
		<TestList/>
		<EndDateTime>Jan 20 13:31 CET</EndDateTime>
		<EndTestTime>1737376270</EndTestTime>
		<ElapsedMinutes>0</ElapsedMinutes>
	</Testing>
</Site>
